[www.klevermedia.co.uk/assets/dashboard/dashboard.html]
[backblue.gif]
[fade.gif]
[index.html]
[www.klevermedia.co.uk/assets/dashboard/css/style.css]
[www.klevermedia.co.uk/assets/dashboard/images/uiface2.png]
[www.klevermedia.co.uk/assets/dashboard/index.html]
[www.klevermedia.co.uk/assets/dashboard/pages-table.html]
[www.klevermedia.co.uk/assets/dashboard/page-new.html]
[www.klevermedia.co.uk/assets/dashboard/page-timeline.html]
[www.klevermedia.co.uk/assets/dashboard/files.html]
[www.klevermedia.co.uk/assets/dashboard/files-upload.html]
[www.klevermedia.co.uk/assets/dashboard/blog-timeline.html]
[www.klevermedia.co.uk/assets/dashboard/blog-new.html]
[www.klevermedia.co.uk/assets/dashboard/blog-table.html]
[www.klevermedia.co.uk/assets/dashboard/comments-timeline.html]
[www.klevermedia.co.uk/assets/dashboard/statistics.html]
[www.klevermedia.co.uk/assets/dashboard/ui-elements.html]
[www.klevermedia.co.uk/assets/dashboard/users.html]
[www.klevermedia.co.uk/assets/dashboard/icon-fonts.10.delayed]
[ajax.googleapis.com/ajax/libs/jquery/1.6.1/jquery.min.js]
[www.klevermedia.co.uk/assets/dashboard/js/custom.js]
[www.klevermedia.co.uk/assets/dashboard/js/jquery.wysiwyg.js]
[www.klevermedia.co.uk/assets/dashboard/js/jquery.checkbox.min.js]
[www.klevermedia.co.uk/assets/dashboard/js/cycle.js]
[www.klevermedia.co.uk/assets/dashboard/js/flot.resize.js]
[www.klevermedia.co.uk/assets/dashboard/js/flot-time.js]
[www.klevermedia.co.uk/assets/dashboard/js/flot-graphs.js]
[www.klevermedia.co.uk/assets/dashboard/js/flot-pie.js]
[www.klevermedia.co.uk/assets/dashboard/dashboard.html]
[www.klevermedia.co.uk/assets/dashboard/js/jquery.tablesorter.min.js]
[www.klevermedia.co.uk/assets/dashboard/@font-face/entypo.woff]
[www.klevermedia.co.uk/assets/dashboard/js/flot.js]
[www.klevermedia.co.uk/assets/dashboard/@font-face/entypo.eot]
[www.klevermedia.co.uk/assets/dashboard/@font-face/entypo.svg]
[www.klevermedia.co.uk/assets/dashboard/images/loading.gif]
[www.klevermedia.co.uk/assets/dashboard/@font-face/entypod41d.eot]
[www.klevermedia.co.uk/assets/dashboard/@font-face/entypo.ttf]
[www.klevermedia.co.uk/assets/dashboard/images/bg.gif]
[www.klevermedia.co.uk/assets/dashboard/images/asc.gif]
[www.klevermedia.co.uk/assets/dashboard/images/desc.gif]
[www.klevermedia.co.uk/assets/dashboard/images/checkbox.png]
[www.klevermedia.co.uk/assets/dashboard/images/jquery.wysiwyg.png]
[www.klevermedia.co.uk/assets/dashboard/images/jquery.wysiwyg-retina.png]
[www.klevermedia.co.uk/assets/dashboard/images/checkbox-retina.png]
[www.klevermedia.co.uk/assets/dashboard/images/loading-retina.gif]
[www.klevermedia.co.uk/assets/dashboard/css/style.css]
[www.klevermedia.co.uk/assets/dashboard/index.html]
[www.klevermedia.co.uk/assets/dashboard/pages-table.html]
[www.klevermedia.co.uk/assets/dashboard/page-new.html]
[www.klevermedia.co.uk/assets/dashboard/page-timeline.html]
[www.klevermedia.co.uk/assets/dashboard/files.html]
[www.klevermedia.co.uk/assets/dashboard/css/dropzone.css]
[ajax.googleapis.com/ajax/libs/jquery/1.8/jquery.min.js]
[www.klevermedia.co.uk/assets/dashboard/js/dropzone.js]
[www.klevermedia.co.uk/assets/dashboard/files-upload.html]
[www.klevermedia.co.uk/assets/dashboard/blog-timeline.html]
[code.jquery.com/ui/1.10.1/themes/base/jquery-ui.css]
[www.klevermedia.co.uk/assets/dashboard/css/ui.css]
[www.klevermedia.co.uk/assets/dashboard/blog-new.html]
[www.klevermedia.co.uk/assets/dashboard/blog-table.html]
[www.klevermedia.co.uk/assets/dashboard/comments-timeline.html]
[www.klevermedia.co.uk/assets/dashboard/statistics.html]
[www.klevermedia.co.uk/assets/dashboard/images/uiface1.png]
[www.klevermedia.co.uk/assets/dashboard/images/uiface3.png]
[www.klevermedia.co.uk/assets/dashboard/images/uiface4.png]
[www.klevermedia.co.uk/assets/dashboard/users.html]
[www.klevermedia.co.uk/assets/dashboard/ui-elements.html]
[www.klevermedia.co.uk/assets/dashboard/icon-fonts.html]
[www.klevermedia.co.uk/assets/dashboard/@font-face/entypo.svg]
[www.klevermedia.co.uk/assets/dashboard/images/loading.html]
[www.klevermedia.co.uk/assets/dashboard/images/loading-retina.html]
[www.klevermedia.co.uk/assets/dashboard/images/dropzone.png]
[www.klevermedia.co.uk/assets/dashboard/images/dropzone-retina.png]
[www.klevermedia.co.uk/assets/dashboard/images/spritemap.png]
[www.klevermedia.co.uk/assets/dashboard/images/spritemap@2x.png]
[www.klevermedia.co.uk/assets/dashboard/css/dropzone.css]
[code.jquery.com/ui/1.10.1/themes/base/images/animated-overlay.gif]
[code.jquery.com/ui/1.10.1/themes/base/images/ui-bg_flat_75_ffffff_40x100.png]
[code.jquery.com/ui/1.10.1/themes/base/images/ui-bg_highlight-soft_75_cccccc_1x100.png]
[code.jquery.com/ui/1.10.1/themes/base/images/ui-bg_glass_75_e6e6e6_1x400.png]
[code.jquery.com/ui/1.10.1/themes/base/images/ui-bg_glass_75_dadada_1x400.png]
[code.jquery.com/ui/1.10.1/themes/base/images/ui-bg_glass_65_ffffff_1x400.png]
[code.jquery.com/ui/1.10.1/themes/base/images/ui-bg_glass_55_fbf9ee_1x400.png]
[code.jquery.com/ui/1.10.1/themes/base/images/ui-bg_glass_95_fef1ec_1x400.png]
[code.jquery.com/ui/1.10.1/themes/base/images/ui-icons_222222_256x240.png]
[code.jquery.com/ui/1.10.1/themes/base/images/ui-icons_888888_256x240.png]
[code.jquery.com/ui/1.10.1/themes/base/images/ui-icons_454545_256x240.png]
[code.jquery.com/ui/1.10.1/themes/base/images/ui-icons_2e83ff_256x240.png]
[code.jquery.com/ui/1.10.1/themes/base/images/ui-icons_cd0a0a_256x240.png]
[code.jquery.com/ui/1.10.1/themes/base/images/ui-bg_flat_0_aaaaaa_40x100.png]
[code.jquery.com/ui/1.10.1/themes/base/jquery-ui.css]
[www.klevermedia.co.uk/assets/dashboard/css/ui.css]
[code.jquery.com/ui/1.10.1/jquery-ui.js]
